{
  "RSpec": {
    "coverage": {
      "/Users/bencoyne/Projects/tech-tests/spec/bank_account_spec.rb": {
        "lines": [
          null,
          1,
          null,
          1,
          8,
          null,
          1,
          1,
          null,
          null,
          null,
          null,
          null,
          1,
          1,
          null,
          null,
          1,
          1,
          1,
          null,
          null,
          null,
          1,
          1,
          1,
          1,
          null,
          null,
          null,
          1,
          1,
          1,
          1,
          1,
          null,
          null,
          null,
          1,
          1,
          1,
          1,
          null,
          null,
          1,
          1,
          1,
          1,
          null,
          null,
          null,
          null,
          null,
          null,
          null,
          null,
          1,
          1,
          1,
          null,
          null,
          null
        ]
      },
      "/Users/bencoyne/Projects/tech-tests/lib/bank_account.rb": {
        "lines": [
          null,
          null,
          1,
          null,
          1,
          1,
          1,
          null,
          1,
          7,
          7,
          null,
          null,
          1,
          4,
          4,
          null,
          null,
          1,
          2,
          2,
          null,
          null,
          1,
          1,
          null,
          null,
          null,
          null,
          null,
          1,
          null,
          1,
          6,
          null,
          null
        ]
      },
      "/Users/bencoyne/Projects/tech-tests/spec/bank_statement_spec.rb": {
        "lines": [
          1,
          null,
          1,
          null
        ]
      },
      "/Users/bencoyne/Projects/tech-tests/lib/bank_statement.rb": {
        "lines": [
          1,
          null
        ]
      }
    },
    "timestamp": 1645456764
  }
}
